  Assignment1.c
c:\users\79228\source\repos\assignment1\assignment1\assignment1.c(40): warning C4305: 'initializing': truncation from 'double' to 'GLfloat'
c:\users\79228\source\repos\assignment1\assignment1\assignment1.c(42): warning C4305: 'initializing': truncation from 'double' to 'GLfloat'
c:\users\79228\source\repos\assignment1\assignment1\assignment1.c(43): warning C4305: 'initializing': truncation from 'double' to 'GLfloat'
c:\users\79228\source\repos\assignment1\assignment1\assignment1.c(46): warning C4305: 'initializing': truncation from 'double' to 'GLfloat'
c:\users\79228\source\repos\assignment1\assignment1\assignment1.c(48): warning C4305: 'initializing': truncation from 'double' to 'GLfloat'
c:\users\79228\source\repos\assignment1\assignment1\assignment1.c(51): warning C4305: 'initializing': truncation from 'double' to 'GLfloat'
c:\users\79228\source\repos\assignment1\assignment1\assignment1.c(52): warning C4305: 'initializing': truncation from 'double' to 'GLfloat'
c:\users\79228\source\repos\assignment1\assignment1\assignment1.c(54): warning C4305: 'initializing': truncation from 'double' to 'GLfloat'
c:\users\79228\source\repos\assignment1\assignment1\assignment1.c(55): warning C4305: 'initializing': truncation from 'double' to 'GLfloat'
c:\users\79228\source\repos\assignment1\assignment1\assignment1.c(58): warning C4305: 'initializing': truncation from 'double' to 'GLfloat'
c:\users\79228\source\repos\assignment1\assignment1\assignment1.c(60): warning C4305: 'initializing': truncation from 'double' to 'GLfloat'
c:\users\79228\source\repos\assignment1\assignment1\assignment1.c(63): warning C4305: 'initializing': truncation from 'double' to 'GLfloat'
c:\users\79228\source\repos\assignment1\assignment1\assignment1.c(66): warning C4305: 'initializing': truncation from 'double' to 'GLfloat'
c:\users\79228\source\repos\assignment1\assignment1\assignment1.c(67): warning C4305: 'initializing': truncation from 'double' to 'GLfloat'
c:\users\79228\source\repos\assignment1\assignment1\assignment1.c(69): warning C4305: 'initializing': truncation from 'double' to 'GLfloat'
c:\users\79228\source\repos\assignment1\assignment1\assignment1.c(70): warning C4305: 'initializing': truncation from 'double' to 'GLfloat'
c:\users\79228\source\repos\assignment1\assignment1\assignment1.c(73): warning C4305: 'initializing': truncation from 'double' to 'GLfloat'
c:\users\79228\source\repos\assignment1\assignment1\assignment1.c(75): warning C4305: 'initializing': truncation from 'double' to 'GLfloat'
c:\users\79228\source\repos\assignment1\assignment1\assignment1.c(76): warning C4305: 'initializing': truncation from 'double' to 'GLfloat'
c:\users\79228\source\repos\assignment1\assignment1\assignment1.c(79): warning C4305: 'initializing': truncation from 'double' to 'GLfloat'
c:\users\79228\source\repos\assignment1\assignment1\assignment1.c(214): warning C4305: '+=': truncation from 'double' to 'GLfloat'
c:\users\79228\source\repos\assignment1\assignment1\assignment1.c(215): warning C4305: '+=': truncation from 'double' to 'GLfloat'
c:\users\79228\source\repos\assignment1\assignment1\assignment1.c(216): warning C4305: '+=': truncation from 'double' to 'GLfloat'
c:\users\79228\source\repos\assignment1\assignment1\assignment1.c(217): warning C4305: '+=': truncation from 'double' to 'GLfloat'
c:\users\79228\source\repos\assignment1\assignment1\assignment1.c(218): warning C4305: '+=': truncation from 'double' to 'GLfloat'
c:\users\79228\source\repos\assignment1\assignment1\assignment1.c(219): warning C4305: '+=': truncation from 'double' to 'GLfloat'
c:\users\79228\source\repos\assignment1\assignment1\assignment1.c(220): warning C4305: '+=': truncation from 'double' to 'GLfloat'
c:\users\79228\source\repos\assignment1\assignment1\assignment1.c(221): warning C4305: '+=': truncation from 'double' to 'GLfloat'
c:\users\79228\source\repos\assignment1\assignment1\assignment1.c(222): warning C4305: '+=': truncation from 'double' to 'GLfloat'
c:\users\79228\source\repos\assignment1\assignment1\assignment1.c(223): warning C4305: '+=': truncation from 'double' to 'GLfloat'
c:\users\79228\source\repos\assignment1\assignment1\assignment1.c(228): warning C4305: '+=': truncation from 'double' to 'GLfloat'
c:\users\79228\source\repos\assignment1\assignment1\assignment1.c(237): warning C4244: '=': conversion from 'int' to 'float', possible loss of data
c:\users\79228\source\repos\assignment1\assignment1\assignment1.c(238): warning C4244: '=': conversion from 'int' to 'float', possible loss of data
c:\users\79228\source\repos\assignment1\assignment1\assignment1.c(249): warning C4244: '=': conversion from 'int' to 'float', possible loss of data
c:\users\79228\source\repos\assignment1\assignment1\assignment1.c(250): warning C4244: '=': conversion from 'int' to 'float', possible loss of data
c:\users\79228\source\repos\assignment1\assignment1\assignment1.c(262): warning C4244: '=': conversion from 'int' to 'float', possible loss of data
c:\users\79228\source\repos\assignment1\assignment1\assignment1.c(263): warning C4244: '=': conversion from 'int' to 'float', possible loss of data
c:\users\79228\source\repos\assignment1\assignment1\assignment1.c(275): warning C4244: '=': conversion from 'int' to 'float', possible loss of data
c:\users\79228\source\repos\assignment1\assignment1\assignment1.c(276): warning C4244: '=': conversion from 'int' to 'float', possible loss of data
c:\users\79228\source\repos\assignment1\assignment1\assignment1.c(288): warning C4244: '=': conversion from 'int' to 'float', possible loss of data
c:\users\79228\source\repos\assignment1\assignment1\assignment1.c(289): warning C4244: '=': conversion from 'int' to 'float', possible loss of data
c:\users\79228\source\repos\assignment1\assignment1\assignment1.c(301): warning C4244: '=': conversion from 'int' to 'float', possible loss of data
c:\users\79228\source\repos\assignment1\assignment1\assignment1.c(302): warning C4244: '=': conversion from 'int' to 'float', possible loss of data
c:\users\79228\source\repos\assignment1\assignment1\assignment1.c(314): warning C4244: '=': conversion from 'int' to 'float', possible loss of data
c:\users\79228\source\repos\assignment1\assignment1\assignment1.c(315): warning C4244: '=': conversion from 'int' to 'float', possible loss of data
c:\users\79228\source\repos\assignment1\assignment1\assignment1.c(327): warning C4244: '=': conversion from 'int' to 'float', possible loss of data
c:\users\79228\source\repos\assignment1\assignment1\assignment1.c(328): warning C4244: '=': conversion from 'int' to 'float', possible loss of data
c:\users\79228\source\repos\assignment1\assignment1\assignment1.c(340): warning C4244: '=': conversion from 'int' to 'float', possible loss of data
c:\users\79228\source\repos\assignment1\assignment1\assignment1.c(341): warning C4244: '=': conversion from 'int' to 'float', possible loss of data
c:\users\79228\source\repos\assignment1\assignment1\assignment1.c(353): warning C4244: '=': conversion from 'int' to 'float', possible loss of data
c:\users\79228\source\repos\assignment1\assignment1\assignment1.c(354): warning C4244: '=': conversion from 'int' to 'float', possible loss of data
c:\users\79228\source\repos\assignment1\assignment1\assignment1.c(371): warning C4305: '+=': truncation from 'double' to 'GLfloat'
c:\users\79228\source\repos\assignment1\assignment1\assignment1.c(375): warning C4305: '-=': truncation from 'double' to 'GLfloat'
c:\users\79228\source\repos\assignment1\assignment1\assignment1.c(379): warning C4305: '=': truncation from 'double' to 'GLfloat'
c:\users\79228\source\repos\assignment1\assignment1\assignment1.c(386): warning C4305: '=': truncation from 'double' to 'GLfloat'
c:\users\79228\source\repos\assignment1\assignment1\assignment1.c(394): warning C4305: '+=': truncation from 'double' to 'GLfloat'
c:\users\79228\source\repos\assignment1\assignment1\assignment1.c(450): warning C4305: 'function': truncation from 'double' to 'GLfloat'
c:\users\79228\source\repos\assignment1\assignment1\assignment1.c(462): warning C4305: 'function': truncation from 'double' to 'GLfloat'
c:\users\79228\source\repos\assignment1\assignment1\assignment1.c(487): warning C4305: 'function': truncation from 'double' to 'GLfloat'
c:\users\79228\source\repos\assignment1\assignment1\assignment1.c(521): warning C4305: 'function': truncation from 'double' to 'GLfloat'
c:\users\79228\source\repos\assignment1\assignment1\assignment1.c(538): warning C4305: 'function': truncation from 'double' to 'GLfloat'
c:\users\79228\source\repos\assignment1\assignment1\assignment1.c(558): warning C4305: 'function': truncation from 'double' to 'GLfloat'
c:\users\79228\source\repos\assignment1\assignment1\assignment1.c(581): warning C4244: '=': conversion from 'double' to 'GLfloat', possible loss of data
c:\users\79228\source\repos\assignment1\assignment1\assignment1.c(585): warning C4244: '=': conversion from 'double' to 'GLfloat', possible loss of data
c:\users\79228\source\repos\assignment1\assignment1\assignment1.c(589): warning C4244: '=': conversion from 'double' to 'GLfloat', possible loss of data
c:\users\79228\source\repos\assignment1\assignment1\assignment1.c(593): warning C4244: '=': conversion from 'double' to 'GLfloat', possible loss of data
c:\users\79228\source\repos\assignment1\assignment1\assignment1.c(597): warning C4244: '=': conversion from 'double' to 'GLfloat', possible loss of data
c:\users\79228\source\repos\assignment1\assignment1\assignment1.c(601): warning C4244: '=': conversion from 'double' to 'GLfloat', possible loss of data
c:\users\79228\source\repos\assignment1\assignment1\assignment1.c(605): warning C4244: '=': conversion from 'double' to 'GLfloat', possible loss of data
c:\users\79228\source\repos\assignment1\assignment1\assignment1.c(609): warning C4244: '=': conversion from 'double' to 'GLfloat', possible loss of data
c:\users\79228\source\repos\assignment1\assignment1\assignment1.c(613): warning C4244: '=': conversion from 'double' to 'GLfloat', possible loss of data
c:\users\79228\source\repos\assignment1\assignment1\assignment1.c(617): warning C4244: '=': conversion from 'double' to 'GLfloat', possible loss of data
c:\users\79228\source\repos\assignment1\assignment1\assignment1.c(621): warning C4244: '=': conversion from 'double' to 'GLfloat', possible loss of data
c:\users\79228\source\repos\assignment1\assignment1\assignment1.c(625): warning C4244: '=': conversion from 'double' to 'GLfloat', possible loss of data
c:\users\79228\source\repos\assignment1\assignment1\assignment1.c(629): warning C4244: '=': conversion from 'double' to 'GLfloat', possible loss of data
c:\users\79228\source\repos\assignment1\assignment1\assignment1.c(633): warning C4244: '=': conversion from 'double' to 'GLfloat', possible loss of data
c:\users\79228\source\repos\assignment1\assignment1\assignment1.c(637): warning C4244: '=': conversion from 'double' to 'GLfloat', possible loss of data
c:\users\79228\source\repos\assignment1\assignment1\assignment1.c(654): warning C4244: 'function': conversion from 'double' to 'GLfloat', possible loss of data
c:\users\79228\source\repos\assignment1\assignment1\assignment1.c(662): warning C4244: 'function': conversion from 'double' to 'GLfloat', possible loss of data
c:\users\79228\source\repos\assignment1\assignment1\assignment1.c(670): warning C4244: 'function': conversion from 'double' to 'GLfloat', possible loss of data
c:\users\79228\source\repos\assignment1\assignment1\assignment1.c(678): warning C4244: 'function': conversion from 'double' to 'GLfloat', possible loss of data
c:\users\79228\source\repos\assignment1\assignment1\assignment1.c(686): warning C4244: 'function': conversion from 'double' to 'GLfloat', possible loss of data
c:\users\79228\source\repos\assignment1\assignment1\assignment1.c(694): warning C4244: 'function': conversion from 'double' to 'GLfloat', possible loss of data
c:\users\79228\source\repos\assignment1\assignment1\assignment1.c(702): warning C4244: 'function': conversion from 'double' to 'GLfloat', possible loss of data
c:\users\79228\source\repos\assignment1\assignment1\assignment1.c(710): warning C4244: 'function': conversion from 'double' to 'GLfloat', possible loss of data
c:\users\79228\source\repos\assignment1\assignment1\assignment1.c(839): warning C4305: 'function': truncation from 'double' to 'GLfloat'
c:\users\79228\source\repos\assignment1\assignment1\assignment1.c(840): warning C4305: 'function': truncation from 'double' to 'GLfloat'
c:\users\79228\source\repos\assignment1\assignment1\assignment1.c(841): warning C4305: 'function': truncation from 'double' to 'GLfloat'
c:\users\79228\source\repos\assignment1\assignment1\assignment1.c(842): warning C4305: 'function': truncation from 'double' to 'GLfloat'
c:\users\79228\source\repos\assignment1\assignment1\assignment1.c(846): warning C4305: 'function': truncation from 'double' to 'GLfloat'
c:\users\79228\source\repos\assignment1\assignment1\assignment1.c(847): warning C4305: 'function': truncation from 'double' to 'GLfloat'
c:\users\79228\source\repos\assignment1\assignment1\assignment1.c(848): warning C4305: 'function': truncation from 'double' to 'GLfloat'
c:\users\79228\source\repos\assignment1\assignment1\assignment1.c(849): warning C4305: 'function': truncation from 'double' to 'GLfloat'
c:\users\79228\source\repos\assignment1\assignment1\assignment1.c(855): warning C4305: 'function': truncation from 'double' to 'GLfloat'
c:\users\79228\source\repos\assignment1\assignment1\assignment1.c(856): warning C4305: 'function': truncation from 'double' to 'GLfloat'
c:\users\79228\source\repos\assignment1\assignment1\assignment1.c(857): warning C4305: 'function': truncation from 'double' to 'GLfloat'
c:\users\79228\source\repos\assignment1\assignment1\assignment1.c(858): warning C4305: 'function': truncation from 'double' to 'GLfloat'
c:\users\79228\source\repos\assignment1\assignment1\assignment1.c(862): warning C4305: 'function': truncation from 'double' to 'GLfloat'
c:\users\79228\source\repos\assignment1\assignment1\assignment1.c(863): warning C4305: 'function': truncation from 'double' to 'GLfloat'
c:\users\79228\source\repos\assignment1\assignment1\assignment1.c(864): warning C4305: 'function': truncation from 'double' to 'GLfloat'
c:\users\79228\source\repos\assignment1\assignment1\assignment1.c(865): warning C4305: 'function': truncation from 'double' to 'GLfloat'
c:\users\79228\source\repos\assignment1\assignment1\assignment1.c(873): warning C4305: 'function': truncation from 'double' to 'GLfloat'
c:\users\79228\source\repos\assignment1\assignment1\assignment1.c(874): warning C4305: 'function': truncation from 'double' to 'GLfloat'
c:\users\79228\source\repos\assignment1\assignment1\assignment1.c(875): warning C4305: 'function': truncation from 'double' to 'GLfloat'
c:\users\79228\source\repos\assignment1\assignment1\assignment1.c(876): warning C4305: 'function': truncation from 'double' to 'GLfloat'
c:\users\79228\source\repos\assignment1\assignment1\assignment1.c(880): warning C4305: 'function': truncation from 'double' to 'GLfloat'
c:\users\79228\source\repos\assignment1\assignment1\assignment1.c(881): warning C4305: 'function': truncation from 'double' to 'GLfloat'
c:\users\79228\source\repos\assignment1\assignment1\assignment1.c(882): warning C4305: 'function': truncation from 'double' to 'GLfloat'
c:\users\79228\source\repos\assignment1\assignment1\assignment1.c(883): warning C4305: 'function': truncation from 'double' to 'GLfloat'
c:\users\79228\source\repos\assignment1\assignment1\assignment1.c(890): warning C4305: 'function': truncation from 'double' to 'GLfloat'
c:\users\79228\source\repos\assignment1\assignment1\assignment1.c(891): warning C4305: 'function': truncation from 'double' to 'GLfloat'
c:\users\79228\source\repos\assignment1\assignment1\assignment1.c(892): warning C4305: 'function': truncation from 'double' to 'GLfloat'
c:\users\79228\source\repos\assignment1\assignment1\assignment1.c(893): warning C4305: 'function': truncation from 'double' to 'GLfloat'
c:\users\79228\source\repos\assignment1\assignment1\assignment1.c(897): warning C4305: 'function': truncation from 'double' to 'GLfloat'
c:\users\79228\source\repos\assignment1\assignment1\assignment1.c(898): warning C4305: 'function': truncation from 'double' to 'GLfloat'
c:\users\79228\source\repos\assignment1\assignment1\assignment1.c(899): warning C4305: 'function': truncation from 'double' to 'GLfloat'
c:\users\79228\source\repos\assignment1\assignment1\assignment1.c(900): warning C4305: 'function': truncation from 'double' to 'GLfloat'
c:\users\79228\source\repos\assignment1\assignment1\assignment1.c(907): warning C4305: 'function': truncation from 'double' to 'GLfloat'
c:\users\79228\source\repos\assignment1\assignment1\assignment1.c(908): warning C4305: 'function': truncation from 'double' to 'GLfloat'
c:\users\79228\source\repos\assignment1\assignment1\assignment1.c(909): warning C4305: 'function': truncation from 'double' to 'GLfloat'
c:\users\79228\source\repos\assignment1\assignment1\assignment1.c(910): warning C4305: 'function': truncation from 'double' to 'GLfloat'
c:\users\79228\source\repos\assignment1\assignment1\assignment1.c(914): warning C4305: 'function': truncation from 'double' to 'GLfloat'
c:\users\79228\source\repos\assignment1\assignment1\assignment1.c(915): warning C4305: 'function': truncation from 'double' to 'GLfloat'
c:\users\79228\source\repos\assignment1\assignment1\assignment1.c(916): warning C4305: 'function': truncation from 'double' to 'GLfloat'
c:\users\79228\source\repos\assignment1\assignment1\assignment1.c(917): warning C4305: 'function': truncation from 'double' to 'GLfloat'
c:\users\79228\source\repos\assignment1\assignment1\assignment1.c(924): warning C4305: 'function': truncation from 'double' to 'GLfloat'
c:\users\79228\source\repos\assignment1\assignment1\assignment1.c(925): warning C4305: 'function': truncation from 'double' to 'GLfloat'
c:\users\79228\source\repos\assignment1\assignment1\assignment1.c(926): warning C4305: 'function': truncation from 'double' to 'GLfloat'
c:\users\79228\source\repos\assignment1\assignment1\assignment1.c(927): warning C4305: 'function': truncation from 'double' to 'GLfloat'
c:\users\79228\source\repos\assignment1\assignment1\assignment1.c(931): warning C4305: 'function': truncation from 'double' to 'GLfloat'
c:\users\79228\source\repos\assignment1\assignment1\assignment1.c(932): warning C4305: 'function': truncation from 'double' to 'GLfloat'
c:\users\79228\source\repos\assignment1\assignment1\assignment1.c(933): warning C4305: 'function': truncation from 'double' to 'GLfloat'
c:\users\79228\source\repos\assignment1\assignment1\assignment1.c(934): warning C4305: 'function': truncation from 'double' to 'GLfloat'
c:\users\79228\source\repos\assignment1\assignment1\assignment1.c(941): warning C4305: 'function': truncation from 'double' to 'GLfloat'
c:\users\79228\source\repos\assignment1\assignment1\assignment1.c(942): warning C4305: 'function': truncation from 'double' to 'GLfloat'
c:\users\79228\source\repos\assignment1\assignment1\assignment1.c(943): warning C4305: 'function': truncation from 'double' to 'GLfloat'
c:\users\79228\source\repos\assignment1\assignment1\assignment1.c(944): warning C4305: 'function': truncation from 'double' to 'GLfloat'
c:\users\79228\source\repos\assignment1\assignment1\assignment1.c(948): warning C4305: 'function': truncation from 'double' to 'GLfloat'
c:\users\79228\source\repos\assignment1\assignment1\assignment1.c(949): warning C4305: 'function': truncation from 'double' to 'GLfloat'
c:\users\79228\source\repos\assignment1\assignment1\assignment1.c(950): warning C4305: 'function': truncation from 'double' to 'GLfloat'
c:\users\79228\source\repos\assignment1\assignment1\assignment1.c(951): warning C4305: 'function': truncation from 'double' to 'GLfloat'
c:\users\79228\source\repos\assignment1\assignment1\assignment1.c(958): warning C4305: 'function': truncation from 'double' to 'GLfloat'
c:\users\79228\source\repos\assignment1\assignment1\assignment1.c(959): warning C4305: 'function': truncation from 'double' to 'GLfloat'
c:\users\79228\source\repos\assignment1\assignment1\assignment1.c(960): warning C4305: 'function': truncation from 'double' to 'GLfloat'
c:\users\79228\source\repos\assignment1\assignment1\assignment1.c(961): warning C4305: 'function': truncation from 'double' to 'GLfloat'
c:\users\79228\source\repos\assignment1\assignment1\assignment1.c(965): warning C4305: 'function': truncation from 'double' to 'GLfloat'
c:\users\79228\source\repos\assignment1\assignment1\assignment1.c(966): warning C4305: 'function': truncation from 'double' to 'GLfloat'
c:\users\79228\source\repos\assignment1\assignment1\assignment1.c(967): warning C4305: 'function': truncation from 'double' to 'GLfloat'
c:\users\79228\source\repos\assignment1\assignment1\assignment1.c(968): warning C4305: 'function': truncation from 'double' to 'GLfloat'
c:\users\79228\source\repos\assignment1\assignment1\assignment1.c(977): warning C4305: 'function': truncation from 'double' to 'GLfloat'
c:\users\79228\source\repos\assignment1\assignment1\assignment1.c(978): warning C4305: 'function': truncation from 'double' to 'GLfloat'
c:\users\79228\source\repos\assignment1\assignment1\assignment1.c(979): warning C4305: 'function': truncation from 'double' to 'GLfloat'
c:\users\79228\source\repos\assignment1\assignment1\assignment1.c(980): warning C4305: 'function': truncation from 'double' to 'GLfloat'
c:\users\79228\source\repos\assignment1\assignment1\assignment1.c(981): warning C4305: 'function': truncation from 'double' to 'GLfloat'
c:\users\79228\source\repos\assignment1\assignment1\assignment1.c(985): warning C4305: 'function': truncation from 'double' to 'GLfloat'
c:\users\79228\source\repos\assignment1\assignment1\assignment1.c(986): warning C4305: 'function': truncation from 'double' to 'GLfloat'
c:\users\79228\source\repos\assignment1\assignment1\assignment1.c(987): warning C4305: 'function': truncation from 'double' to 'GLfloat'
c:\users\79228\source\repos\assignment1\assignment1\assignment1.c(988): warning C4305: 'function': truncation from 'double' to 'GLfloat'
c:\users\79228\source\repos\assignment1\assignment1\assignment1.c(992): warning C4305: 'function': truncation from 'double' to 'GLfloat'
c:\users\79228\source\repos\assignment1\assignment1\assignment1.c(993): warning C4305: 'function': truncation from 'double' to 'GLfloat'
c:\users\79228\source\repos\assignment1\assignment1\assignment1.c(994): warning C4305: 'function': truncation from 'double' to 'GLfloat'
c:\users\79228\source\repos\assignment1\assignment1\assignment1.c(995): warning C4305: 'function': truncation from 'double' to 'GLfloat'
c:\users\79228\source\repos\assignment1\assignment1\assignment1.c(999): warning C4305: 'function': truncation from 'double' to 'GLfloat'
c:\users\79228\source\repos\assignment1\assignment1\assignment1.c(1000): warning C4305: 'function': truncation from 'double' to 'GLfloat'
c:\users\79228\source\repos\assignment1\assignment1\assignment1.c(1001): warning C4305: 'function': truncation from 'double' to 'GLfloat'
c:\users\79228\source\repos\assignment1\assignment1\assignment1.c(1002): warning C4305: 'function': truncation from 'double' to 'GLfloat'
c:\users\79228\source\repos\assignment1\assignment1\assignment1.c(1006): warning C4305: 'function': truncation from 'double' to 'GLfloat'
c:\users\79228\source\repos\assignment1\assignment1\assignment1.c(1007): warning C4305: 'function': truncation from 'double' to 'GLfloat'
c:\users\79228\source\repos\assignment1\assignment1\assignment1.c(1008): warning C4305: 'function': truncation from 'double' to 'GLfloat'
c:\users\79228\source\repos\assignment1\assignment1\assignment1.c(1009): warning C4305: 'function': truncation from 'double' to 'GLfloat'
c:\users\79228\source\repos\assignment1\assignment1\assignment1.c(1013): warning C4305: 'function': truncation from 'double' to 'GLfloat'
c:\users\79228\source\repos\assignment1\assignment1\assignment1.c(1014): warning C4305: 'function': truncation from 'double' to 'GLfloat'
c:\users\79228\source\repos\assignment1\assignment1\assignment1.c(1015): warning C4305: 'function': truncation from 'double' to 'GLfloat'
c:\users\79228\source\repos\assignment1\assignment1\assignment1.c(1016): warning C4305: 'function': truncation from 'double' to 'GLfloat'
c:\users\79228\source\repos\assignment1\assignment1\assignment1.c(1020): warning C4305: 'function': truncation from 'double' to 'GLfloat'
c:\users\79228\source\repos\assignment1\assignment1\assignment1.c(1021): warning C4305: 'function': truncation from 'double' to 'GLfloat'
c:\users\79228\source\repos\assignment1\assignment1\assignment1.c(1022): warning C4305: 'function': truncation from 'double' to 'GLfloat'
c:\users\79228\source\repos\assignment1\assignment1\assignment1.c(1023): warning C4305: 'function': truncation from 'double' to 'GLfloat'
c:\users\79228\source\repos\assignment1\assignment1\assignment1.c(1027): warning C4305: 'function': truncation from 'double' to 'GLfloat'
c:\users\79228\source\repos\assignment1\assignment1\assignment1.c(1028): warning C4305: 'function': truncation from 'double' to 'GLfloat'
c:\users\79228\source\repos\assignment1\assignment1\assignment1.c(1029): warning C4305: 'function': truncation from 'double' to 'GLfloat'
c:\users\79228\source\repos\assignment1\assignment1\assignment1.c(1030): warning C4305: 'function': truncation from 'double' to 'GLfloat'
c:\users\79228\source\repos\assignment1\assignment1\assignment1.c(1034): warning C4305: 'function': truncation from 'double' to 'GLfloat'
c:\users\79228\source\repos\assignment1\assignment1\assignment1.c(1035): warning C4305: 'function': truncation from 'double' to 'GLfloat'
c:\users\79228\source\repos\assignment1\assignment1\assignment1.c(1036): warning C4305: 'function': truncation from 'double' to 'GLfloat'
c:\users\79228\source\repos\assignment1\assignment1\assignment1.c(1037): warning C4305: 'function': truncation from 'double' to 'GLfloat'
c:\users\79228\source\repos\assignment1\assignment1\assignment1.c(1041): warning C4305: 'function': truncation from 'double' to 'GLfloat'
c:\users\79228\source\repos\assignment1\assignment1\assignment1.c(1042): warning C4305: 'function': truncation from 'double' to 'GLfloat'
c:\users\79228\source\repos\assignment1\assignment1\assignment1.c(1043): warning C4305: 'function': truncation from 'double' to 'GLfloat'
c:\users\79228\source\repos\assignment1\assignment1\assignment1.c(1044): warning C4305: 'function': truncation from 'double' to 'GLfloat'
c:\users\79228\source\repos\assignment1\assignment1\assignment1.c(1048): warning C4305: 'function': truncation from 'double' to 'GLfloat'
c:\users\79228\source\repos\assignment1\assignment1\assignment1.c(1049): warning C4305: 'function': truncation from 'double' to 'GLfloat'
c:\users\79228\source\repos\assignment1\assignment1\assignment1.c(1050): warning C4305: 'function': truncation from 'double' to 'GLfloat'
c:\users\79228\source\repos\assignment1\assignment1\assignment1.c(1051): warning C4305: 'function': truncation from 'double' to 'GLfloat'
c:\users\79228\source\repos\assignment1\assignment1\assignment1.c(1055): warning C4305: 'function': truncation from 'double' to 'GLfloat'
c:\users\79228\source\repos\assignment1\assignment1\assignment1.c(1056): warning C4305: 'function': truncation from 'double' to 'GLfloat'
c:\users\79228\source\repos\assignment1\assignment1\assignment1.c(1057): warning C4305: 'function': truncation from 'double' to 'GLfloat'
c:\users\79228\source\repos\assignment1\assignment1\assignment1.c(1058): warning C4305: 'function': truncation from 'double' to 'GLfloat'
c:\users\79228\source\repos\assignment1\assignment1\assignment1.c(1062): warning C4305: 'function': truncation from 'double' to 'GLfloat'
c:\users\79228\source\repos\assignment1\assignment1\assignment1.c(1063): warning C4305: 'function': truncation from 'double' to 'GLfloat'
c:\users\79228\source\repos\assignment1\assignment1\assignment1.c(1064): warning C4305: 'function': truncation from 'double' to 'GLfloat'
c:\users\79228\source\repos\assignment1\assignment1\assignment1.c(1065): warning C4305: 'function': truncation from 'double' to 'GLfloat'
c:\users\79228\source\repos\assignment1\assignment1\assignment1.c(1069): warning C4305: 'function': truncation from 'double' to 'GLfloat'
c:\users\79228\source\repos\assignment1\assignment1\assignment1.c(1071): warning C4305: 'function': truncation from 'double' to 'GLfloat'
c:\users\79228\source\repos\assignment1\assignment1\assignment1.c(1072): warning C4305: 'function': truncation from 'double' to 'GLfloat'
c:\users\79228\source\repos\assignment1\assignment1\assignment1.c(1073): warning C4305: 'function': truncation from 'double' to 'GLfloat'
c:\users\79228\source\repos\assignment1\assignment1\assignment1.c(1076): warning C4305: 'function': truncation from 'double' to 'GLfloat'
c:\users\79228\source\repos\assignment1\assignment1\assignment1.c(1077): warning C4305: 'function': truncation from 'double' to 'GLfloat'
c:\users\79228\source\repos\assignment1\assignment1\assignment1.c(1078): warning C4305: 'function': truncation from 'double' to 'GLfloat'
c:\users\79228\source\repos\assignment1\assignment1\assignment1.c(1079): warning C4305: 'function': truncation from 'double' to 'GLfloat'
c:\users\79228\source\repos\assignment1\assignment1\assignment1.c(1080): warning C4305: 'function': truncation from 'double' to 'GLfloat'
c:\users\79228\source\repos\assignment1\assignment1\assignment1.c(1084): warning C4305: 'function': truncation from 'double' to 'GLfloat'
c:\users\79228\source\repos\assignment1\assignment1\assignment1.c(1085): warning C4305: 'function': truncation from 'double' to 'GLfloat'
c:\users\79228\source\repos\assignment1\assignment1\assignment1.c(1086): warning C4305: 'function': truncation from 'double' to 'GLfloat'
c:\users\79228\source\repos\assignment1\assignment1\assignment1.c(1087): warning C4305: 'function': truncation from 'double' to 'GLfloat'
c:\users\79228\source\repos\assignment1\assignment1\assignment1.c(1088): warning C4305: 'function': truncation from 'double' to 'GLfloat'
c:\users\79228\source\repos\assignment1\assignment1\assignment1.c(1092): warning C4305: 'function': truncation from 'double' to 'GLfloat'
c:\users\79228\source\repos\assignment1\assignment1\assignment1.c(1093): warning C4305: 'function': truncation from 'double' to 'GLfloat'
c:\users\79228\source\repos\assignment1\assignment1\assignment1.c(1094): warning C4305: 'function': truncation from 'double' to 'GLfloat'
c:\users\79228\source\repos\assignment1\assignment1\assignment1.c(1095): warning C4305: 'function': truncation from 'double' to 'GLfloat'
c:\users\79228\source\repos\assignment1\assignment1\assignment1.c(1096): warning C4305: 'function': truncation from 'double' to 'GLfloat'
c:\users\79228\source\repos\assignment1\assignment1\assignment1.c(1100): warning C4305: 'function': truncation from 'double' to 'GLfloat'
c:\users\79228\source\repos\assignment1\assignment1\assignment1.c(1101): warning C4305: 'function': truncation from 'double' to 'GLfloat'
c:\users\79228\source\repos\assignment1\assignment1\assignment1.c(1102): warning C4305: 'function': truncation from 'double' to 'GLfloat'
c:\users\79228\source\repos\assignment1\assignment1\assignment1.c(1103): warning C4305: 'function': truncation from 'double' to 'GLfloat'
c:\users\79228\source\repos\assignment1\assignment1\assignment1.c(1104): warning C4305: 'function': truncation from 'double' to 'GLfloat'
c:\users\79228\source\repos\assignment1\assignment1\assignment1.c(1111): warning C4013: 'Font' undefined; assuming extern returning int
c:\users\79228\source\repos\assignment1\assignment1\assignment1.c(1125): warning C4244: 'function': conversion from 'float' to 'GLint', possible loss of data
c:\users\79228\source\repos\assignment1\assignment1\assignment1.c(1150): warning C4244: '=': conversion from 'double' to 'GLfloat', possible loss of data
c:\users\79228\source\repos\assignment1\assignment1\assignment1.c(1172): warning C4554: '&': check operator precedence for possible error; use parentheses to clarify precedence
c:\users\79228\source\repos\assignment1\assignment1\assignment1.c(1131): warning C4716: 'Font': must return a value
  Assignment1.vcxproj -> C:\Users\79228\source\repos\Assignment1\Debug\Assignment1.exe
